# JRE version: Java(TM) SE Runtime Environment (8.0_40-b27) (build 1.8.0_40-b27)
# Java VM: Java HotSpot(TM) 64-Bit Server VM (25.40-b25 mixed mode bsd-amd64 compressed oops)
Heap:
 PSYoungGen      total 38400K, used 1677K [0x0000000795580000, 0x0000000798000000, 0x00000007c0000000)
  eden space 33280K, 5% used [0x0000000795580000,0x0000000795723690,0x0000000797600000)
  from space 5120K, 0% used [0x0000000797b00000,0x0000000797b00000,0x0000000798000000)
  to   space 5120K, 0% used [0x0000000797600000,0x0000000797600000,0x0000000797b00000)
 ParOldGen       total 87552K, used 5158K [0x0000000740000000, 0x0000000745580000, 0x0000000795580000)
  object space 87552K, 5% used [0x0000000740000000,0x0000000740509aa0,0x0000000745580000)
 Metaspace       used 12826K, capacity 13052K, committed 13312K, reserved 1060864K
  class space    used 1387K, capacity 1478K, committed 1536K, reserved 1048576K
GC Heap History (10 events):
Event: 97.680 GC heap before
{Heap before GC invocations=3031 (full 1515):
 PSYoungGen      total 38400K, used 279K [0x0000000795580000, 0x0000000798000000, 0x00000007c0000000)
  eden space 33280K, 0% used [0x0000000795580000,0x0000000795580000,0x0000000797600000)
  from space 5120K, 5% used [0x0000000797b00000,0x0000000797b45d10,0x0000000798000000)
  to   space 5120K, 0% used [0x0000000797600000,0x0000000797600000,0x0000000797b00000)
 ParOldGen       total 87552K, used 5158K [0x0000000740000000, 0x0000000745580000, 0x0000000795580000)
  object space 87552K, 5% used [0x0000000740000000,0x0000000740509a30,0x0000000745580000)
 Metaspace       used 12826K, capacity 13052K, committed 13312K, reserved 1060864K
  class space    used 1387K, capacity 1478K, committed 1536K, reserved 1048576K
Event: 97.695 GC heap after
Heap after GC invocations=3031 (full 1515):
 PSYoungGen      total 38400K, used 0K [0x0000000795580000, 0x0000000798000000, 0x00000007c0000000)
  eden space 33280K, 0% used [0x0000000795580000,0x0000000795580000,0x0000000797600000)
  from space 5120K, 0% used [0x0000000797b00000,0x0000000797b00000,0x0000000798000000)
  to   space 5120K, 0% used [0x0000000797600000,0x0000000797600000,0x0000000797b00000)
 ParOldGen       total 87552K, used 5158K [0x0000000740000000, 0x0000000745580000, 0x0000000795580000)
  object space 87552K, 5% used [0x0000000740000000,0x0000000740509a90,0x0000000745580000)
 Metaspace       used 12826K, capacity 13052K, committed 13312K, reserved 1060864K
  class space    used 1387K, capacity 1478K, committed 1536K, reserved 1048576K
}
Event: 97.724 GC heap before
{Heap before GC invocations=3032 (full 1515):
 PSYoungGen      total 38400K, used 1011K [0x0000000795580000, 0x0000000798000000, 0x00000007c0000000)
  eden space 33280K, 3% used [0x0000000795580000,0x000000079567cff8,0x0000000797600000)
  from space 5120K, 0% used [0x0000000797b00000,0x0000000797b00000,0x0000000798000000)
  to   space 5120K, 0% used [0x0000000797600000,0x0000000797600000,0x0000000797b00000)
 ParOldGen       total 87552K, used 5158K [0x0000000740000000, 0x0000000745580000, 0x0000000795580000)
  object space 87552K, 5% used [0x0000000740000000,0x0000000740509a90,0x0000000745580000)
 Metaspace       used 12826K, capacity 13052K, committed 13312K, reserved 1060864K
  class space    used 1387K, capacity 1478K, committed 1536K, reserved 1048576K
Event: 97.725 GC heap after
Heap after GC invocations=3032 (full 1515):
 PSYoungGen      total 38400K, used 279K [0x0000000795580000, 0x0000000798000000, 0x00000007c0000000)
  eden space 33280K, 0% used [0x0000000795580000,0x0000000795580000,0x0000000797600000)
  from space 5120K, 5% used [0x0000000797600000,0x0000000797645df8,0x0000000797b00000)
  to   space 5120K, 0% used [0x0000000797b00000,0x0000000797b00000,0x0000000798000000)
 ParOldGen       total 87552K, used 5158K [0x0000000740000000, 0x0000000745580000, 0x0000000795580000)
  object space 87552K, 5% used [0x0000000740000000,0x0000000740509a90,0x0000000745580000)
 Metaspace       used 12826K, capacity 13052K, committed 13312K, reserved 1060864K
  class space    used 1387K, capacity 1478K, committed 1536K, reserved 1048576K
}
Event: 97.725 GC heap before
{Heap before GC invocations=3033 (full 1516):
 PSYoungGen      total 38400K, used 279K [0x0000000795580000, 0x0000000798000000, 0x00000007c0000000)
  eden space 33280K, 0% used [0x0000000795580000,0x0000000795580000,0x0000000797600000)
  from space 5120K, 5% used [0x0000000797600000,0x0000000797645df8,0x0000000797b00000)
  to   space 5120K, 0% used [0x0000000797b00000,0x0000000797b00000,0x0000000798000000)
 ParOldGen       total 87552K, used 5158K [0x0000000740000000, 0x0000000745580000, 0x0000000795580000)
  object space 87552K, 5% used [0x0000000740000000,0x0000000740509a90,0x0000000745580000)
 Metaspace       used 12826K, capacity 13052K, committed 13312K, reserved 1060864K
  class space    used 1387K, capacity 1478K, committed 1536K, reserved 1048576K
Event: 97.740 GC heap after
Heap after GC invocations=3033 (full 1516):
 PSYoungGen      total 38400K, used 0K [0x0000000795580000, 0x0000000798000000, 0x00000007c0000000)
  eden space 33280K, 0% used [0x0000000795580000,0x0000000795580000,0x0000000797600000)
  from space 5120K, 0% used [0x0000000797600000,0x0000000797600000,0x0000000797b00000)
  to   space 5120K, 0% used [0x0000000797b00000,0x0000000797b00000,0x0000000798000000)
 ParOldGen       total 87552K, used 5158K [0x0000000740000000, 0x0000000745580000, 0x0000000795580000)
  object space 87552K, 5% used [0x0000000740000000,0x0000000740509b60,0x0000000745580000)
 Metaspace       used 12826K, capacity 13052K, committed 13312K, reserved 1060864K
  class space    used 1387K, capacity 1478K, committed 1536K, reserved 1048576K
}
Event: 97.800 GC heap before
{Heap before GC invocations=3034 (full 1516):
 PSYoungGen      total 38400K, used 1012K [0x0000000795580000, 0x0000000798000000, 0x00000007c0000000)
  eden space 33280K, 3% used [0x0000000795580000,0x000000079567d050,0x0000000797600000)
  from space 5120K, 0% used [0x0000000797600000,0x0000000797600000,0x0000000797b00000)
  to   space 5120K, 0% used [0x0000000797b00000,0x0000000797b00000,0x0000000798000000)
 ParOldGen       total 87552K, used 5158K [0x0000000740000000, 0x0000000745580000, 0x0000000795580000)
  object space 87552K, 5% used [0x0000000740000000,0x0000000740509b60,0x0000000745580000)
 Metaspace       used 12826K, capacity 13052K, committed 13312K, reserved 1060864K
  class space    used 1387K, capacity 1478K, committed 1536K, reserved 1048576K
Event: 97.804 GC heap after
Heap after GC invocations=3034 (full 1516):
 PSYoungGen      total 38400K, used 343K [0x0000000795580000, 0x0000000798000000, 0x00000007c0000000)
  eden space 33280K, 0% used [0x0000000795580000,0x0000000795580000,0x0000000797600000)
  from space 5120K, 6% used [0x0000000797b00000,0x0000000797b55d20,0x0000000798000000)
  to   space 5120K, 0% used [0x0000000797600000,0x0000000797600000,0x0000000797b00000)
 ParOldGen       total 87552K, used 5158K [0x0000000740000000, 0x0000000745580000, 0x0000000795580000)
  object space 87552K, 5% used [0x0000000740000000,0x0000000740509b60,0x0000000745580000)
 Metaspace       used 12826K, capacity 13052K, committed 13312K, reserved 1060864K
  class space    used 1387K, capacity 1478K, committed 1536K, reserved 1048576K
}
Event: 97.804 GC heap before
{Heap before GC invocations=3035 (full 1517):
 PSYoungGen      total 38400K, used 343K [0x0000000795580000, 0x0000000798000000, 0x00000007c0000000)
  eden space 33280K, 0% used [0x0000000795580000,0x0000000795580000,0x0000000797600000)
  from space 5120K, 6% used [0x0000000797b00000,0x0000000797b55d20,0x0000000798000000)
  to   space 5120K, 0% used [0x0000000797600000,0x0000000797600000,0x0000000797b00000)
 ParOldGen       total 87552K, used 5158K [0x0000000740000000, 0x0000000745580000, 0x0000000795580000)
  object space 87552K, 5% used [0x0000000740000000,0x0000000740509b60,0x0000000745580000)
 Metaspace       used 12826K, capacity 13052K, committed 13312K, reserved 1060864K
  class space    used 1387K, capacity 1478K, committed 1536K, reserved 1048576K
Event: 97.827 GC heap after
Heap after GC invocations=3035 (full 1517):
 PSYoungGen      total 38400K, used 0K [0x0000000795580000, 0x0000000798000000, 0x00000007c0000000)
  eden space 33280K, 0% used [0x0000000795580000,0x0000000795580000,0x0000000797600000)
  from space 5120K, 0% used [0x0000000797b00000,0x0000000797b00000,0x0000000798000000)
  to   space 5120K, 0% used [0x0000000797600000,0x0000000797600000,0x0000000797b00000)
 ParOldGen       total 87552K, used 5158K [0x0000000740000000, 0x0000000745580000, 0x0000000795580000)
  object space 87552K, 5% used [0x0000000740000000,0x0000000740509aa0,0x0000000745580000)
 Metaspace       used 12826K, capacity 13052K, committed 13312K, reserved 1060864K
  class space    used 1387K, capacity 1478K, committed 1536K, reserved 1048576K
}

